[ 2016-01-25T09:50:13+08:00 ]EXCEPTION: Home\Controller\ListController 不存在
[ 2016-01-25T09:51:47+08:00 ]NOTICE: Undefined variable: topCate/www/c58_teacher/project/shopDemo/Storage/view/compile/9c5abaaa6f02cf73c9209d43230d6294.php (16).
[ 2016-01-25T09:51:47+08:00 ]NOTICE: Invalid argument supplied for foreach()/www/c58_teacher/project/shopDemo/Storage/view/compile/9c5abaaa6f02cf73c9209d43230d6294.php (16).
[ 2016-01-25T09:51:47+08:00 ]NOTICE: Undefined variable: goodsAttr/www/c58_teacher/project/shopDemo/Storage/view/compile/9c5abaaa6f02cf73c9209d43230d6294.php (29).
[ 2016-01-25T09:51:47+08:00 ]NOTICE: Invalid argument supplied for foreach()/www/c58_teacher/project/shopDemo/Storage/view/compile/9c5abaaa6f02cf73c9209d43230d6294.php (29).
[ 2016-01-25T09:53:56+08:00 ]NOTICE: Undefined variable: topCate/www/c58_teacher/project/shopDemo/Storage/view/compile/9c5abaaa6f02cf73c9209d43230d6294.php (16).
[ 2016-01-25T09:53:56+08:00 ]NOTICE: Invalid argument supplied for foreach()/www/c58_teacher/project/shopDemo/Storage/view/compile/9c5abaaa6f02cf73c9209d43230d6294.php (16).
[ 2016-01-25T09:53:56+08:00 ]NOTICE: Undefined variable: goodsAttr/www/c58_teacher/project/shopDemo/Storage/view/compile/9c5abaaa6f02cf73c9209d43230d6294.php (29).
[ 2016-01-25T09:53:56+08:00 ]NOTICE: Invalid argument supplied for foreach()/www/c58_teacher/project/shopDemo/Storage/view/compile/9c5abaaa6f02cf73c9209d43230d6294.php (29).
[ 2016-01-25T09:54:08+08:00 ]NOTICE: Undefined variable: goodsAttr/www/c58_teacher/project/shopDemo/Storage/view/compile/9c5abaaa6f02cf73c9209d43230d6294.php (29).
[ 2016-01-25T09:54:08+08:00 ]NOTICE: Invalid argument supplied for foreach()/www/c58_teacher/project/shopDemo/Storage/view/compile/9c5abaaa6f02cf73c9209d43230d6294.php (29).
[ 2016-01-25T09:56:08+08:00 ]NOTICE: Undefined variable: goodsAttr/www/c58_teacher/project/shopDemo/Storage/view/compile/9c5abaaa6f02cf73c9209d43230d6294.php (29).
[ 2016-01-25T09:56:08+08:00 ]NOTICE: Invalid argument supplied for foreach()/www/c58_teacher/project/shopDemo/Storage/view/compile/9c5abaaa6f02cf73c9209d43230d6294.php (29).
[ 2016-01-25T10:12:31+08:00 ]NOTICE: Undefined variable: goodsAttr/www/c58_teacher/project/shopDemo/Storage/view/compile/9c5abaaa6f02cf73c9209d43230d6294.php (29).
[ 2016-01-25T10:12:31+08:00 ]NOTICE: Invalid argument supplied for foreach()/www/c58_teacher/project/shopDemo/Storage/view/compile/9c5abaaa6f02cf73c9209d43230d6294.php (29).
[ 2016-01-25T10:12:41+08:00 ]NOTICE: Undefined variable: goodsAttr/www/c58_teacher/project/shopDemo/Storage/view/compile/9c5abaaa6f02cf73c9209d43230d6294.php (29).
[ 2016-01-25T10:12:41+08:00 ]NOTICE: Invalid argument supplied for foreach()/www/c58_teacher/project/shopDemo/Storage/view/compile/9c5abaaa6f02cf73c9209d43230d6294.php (29).
[ 2016-01-25T10:12:49+08:00 ]NOTICE: Undefined variable: goodsAttr/www/c58_teacher/project/shopDemo/Storage/view/compile/9c5abaaa6f02cf73c9209d43230d6294.php (29).
[ 2016-01-25T10:12:49+08:00 ]NOTICE: Invalid argument supplied for foreach()/www/c58_teacher/project/shopDemo/Storage/view/compile/9c5abaaa6f02cf73c9209d43230d6294.php (29).
[ 2016-01-25T10:12:59+08:00 ]NOTICE: Undefined variable: goodsAttr/www/c58_teacher/project/shopDemo/Storage/view/compile/9c5abaaa6f02cf73c9209d43230d6294.php (29).
[ 2016-01-25T10:12:59+08:00 ]NOTICE: Invalid argument supplied for foreach()/www/c58_teacher/project/shopDemo/Storage/view/compile/9c5abaaa6f02cf73c9209d43230d6294.php (29).
[ 2016-01-25T10:14:42+08:00 ]EXCEPTION: SELECT  *  FROM ccshop_goods_attr WHERE gid in(4,5,6,13,14,15,16,17,18 ;BindParams:array (
)42000;1064;You have an error in your SQL syntax; check the manual that corresponds to your MySQL server version for the right syntax to use near '' at line 1
[ 2016-01-25T10:14:58+08:00 ]NOTICE: Undefined variable: goodsAttr/www/c58_teacher/project/shopDemo/Storage/view/compile/9c5abaaa6f02cf73c9209d43230d6294.php (29).
[ 2016-01-25T10:14:58+08:00 ]NOTICE: Invalid argument supplied for foreach()/www/c58_teacher/project/shopDemo/Storage/view/compile/9c5abaaa6f02cf73c9209d43230d6294.php (29).
[ 2016-01-25T10:15:28+08:00 ]NOTICE: Undefined variable: goodsAttr/www/c58_teacher/project/shopDemo/Storage/view/compile/9c5abaaa6f02cf73c9209d43230d6294.php (29).
[ 2016-01-25T10:15:28+08:00 ]NOTICE: Invalid argument supplied for foreach()/www/c58_teacher/project/shopDemo/Storage/view/compile/9c5abaaa6f02cf73c9209d43230d6294.php (29).
[ 2016-01-25T10:16:43+08:00 ]NOTICE: Undefined variable: goodsAttr/www/c58_teacher/project/shopDemo/Storage/view/compile/9c5abaaa6f02cf73c9209d43230d6294.php (29).
[ 2016-01-25T10:16:43+08:00 ]NOTICE: Invalid argument supplied for foreach()/www/c58_teacher/project/shopDemo/Storage/view/compile/9c5abaaa6f02cf73c9209d43230d6294.php (29).
[ 2016-01-25T10:18:32+08:00 ]NOTICE: Undefined variable: goodsAttr/www/c58_teacher/project/shopDemo/Storage/view/compile/9c5abaaa6f02cf73c9209d43230d6294.php (29).
[ 2016-01-25T10:18:32+08:00 ]NOTICE: Invalid argument supplied for foreach()/www/c58_teacher/project/shopDemo/Storage/view/compile/9c5abaaa6f02cf73c9209d43230d6294.php (29).
[ 2016-01-25T10:19:05+08:00 ]NOTICE: Undefined variable: param/www/c58_teacher/project/shopDemo/Storage/view/compile/9c5abaaa6f02cf73c9209d43230d6294.php (35).
[ 2016-01-25T10:19:05+08:00 ]NOTICE: Undefined variable: param/www/c58_teacher/project/shopDemo/Storage/view/compile/9c5abaaa6f02cf73c9209d43230d6294.php (39).
[ 2016-01-25T10:19:05+08:00 ]NOTICE: Undefined variable: param/www/c58_teacher/project/shopDemo/Storage/view/compile/9c5abaaa6f02cf73c9209d43230d6294.php (51).
[ 2016-01-25T10:19:05+08:00 ]NOTICE: Undefined variable: param/www/c58_teacher/project/shopDemo/Storage/view/compile/9c5abaaa6f02cf73c9209d43230d6294.php (51).
[ 2016-01-25T10:19:05+08:00 ]NOTICE: Undefined variable: param/www/c58_teacher/project/shopDemo/Storage/view/compile/9c5abaaa6f02cf73c9209d43230d6294.php (51).
[ 2016-01-25T10:19:05+08:00 ]NOTICE: Undefined variable: param/www/c58_teacher/project/shopDemo/Storage/view/compile/9c5abaaa6f02cf73c9209d43230d6294.php (51).
[ 2016-01-25T10:19:05+08:00 ]NOTICE: Undefined variable: param/www/c58_teacher/project/shopDemo/Storage/view/compile/9c5abaaa6f02cf73c9209d43230d6294.php (51).
[ 2016-01-25T10:19:05+08:00 ]NOTICE: Undefined variable: param/www/c58_teacher/project/shopDemo/Storage/view/compile/9c5abaaa6f02cf73c9209d43230d6294.php (35).
[ 2016-01-25T10:19:05+08:00 ]NOTICE: Undefined variable: param/www/c58_teacher/project/shopDemo/Storage/view/compile/9c5abaaa6f02cf73c9209d43230d6294.php (39).
[ 2016-01-25T10:19:05+08:00 ]NOTICE: Undefined variable: param/www/c58_teacher/project/shopDemo/Storage/view/compile/9c5abaaa6f02cf73c9209d43230d6294.php (51).
[ 2016-01-25T10:19:05+08:00 ]NOTICE: Undefined variable: param/www/c58_teacher/project/shopDemo/Storage/view/compile/9c5abaaa6f02cf73c9209d43230d6294.php (51).
[ 2016-01-25T10:19:05+08:00 ]NOTICE: Undefined variable: param/www/c58_teacher/project/shopDemo/Storage/view/compile/9c5abaaa6f02cf73c9209d43230d6294.php (35).
[ 2016-01-25T10:19:05+08:00 ]NOTICE: Undefined variable: param/www/c58_teacher/project/shopDemo/Storage/view/compile/9c5abaaa6f02cf73c9209d43230d6294.php (39).
[ 2016-01-25T10:19:05+08:00 ]NOTICE: Undefined variable: param/www/c58_teacher/project/shopDemo/Storage/view/compile/9c5abaaa6f02cf73c9209d43230d6294.php (51).
[ 2016-01-25T10:19:05+08:00 ]NOTICE: Undefined variable: param/www/c58_teacher/project/shopDemo/Storage/view/compile/9c5abaaa6f02cf73c9209d43230d6294.php (51).
[ 2016-01-25T10:19:05+08:00 ]NOTICE: Undefined variable: param/www/c58_teacher/project/shopDemo/Storage/view/compile/9c5abaaa6f02cf73c9209d43230d6294.php (51).
[ 2016-01-25T10:19:05+08:00 ]NOTICE: Undefined variable: param/www/c58_teacher/project/shopDemo/Storage/view/compile/9c5abaaa6f02cf73c9209d43230d6294.php (35).
[ 2016-01-25T10:19:05+08:00 ]NOTICE: Undefined variable: param/www/c58_teacher/project/shopDemo/Storage/view/compile/9c5abaaa6f02cf73c9209d43230d6294.php (39).
[ 2016-01-25T10:19:05+08:00 ]NOTICE: Undefined variable: param/www/c58_teacher/project/shopDemo/Storage/view/compile/9c5abaaa6f02cf73c9209d43230d6294.php (51).
[ 2016-01-25T10:19:05+08:00 ]NOTICE: Undefined variable: param/www/c58_teacher/project/shopDemo/Storage/view/compile/9c5abaaa6f02cf73c9209d43230d6294.php (35).
[ 2016-01-25T10:19:05+08:00 ]NOTICE: Undefined variable: param/www/c58_teacher/project/shopDemo/Storage/view/compile/9c5abaaa6f02cf73c9209d43230d6294.php (39).
[ 2016-01-25T10:19:05+08:00 ]NOTICE: Undefined variable: param/www/c58_teacher/project/shopDemo/Storage/view/compile/9c5abaaa6f02cf73c9209d43230d6294.php (51).
[ 2016-01-25T10:19:05+08:00 ]NOTICE: Undefined variable: param/www/c58_teacher/project/shopDemo/Storage/view/compile/9c5abaaa6f02cf73c9209d43230d6294.php (51).
[ 2016-01-25T10:19:05+08:00 ]NOTICE: Undefined variable: param/www/c58_teacher/project/shopDemo/Storage/view/compile/9c5abaaa6f02cf73c9209d43230d6294.php (51).
[ 2016-01-25T10:19:05+08:00 ]NOTICE: Undefined variable: param/www/c58_teacher/project/shopDemo/Storage/view/compile/9c5abaaa6f02cf73c9209d43230d6294.php (35).
[ 2016-01-25T10:19:05+08:00 ]NOTICE: Undefined variable: param/www/c58_teacher/project/shopDemo/Storage/view/compile/9c5abaaa6f02cf73c9209d43230d6294.php (39).
[ 2016-01-25T10:19:05+08:00 ]NOTICE: Undefined variable: param/www/c58_teacher/project/shopDemo/Storage/view/compile/9c5abaaa6f02cf73c9209d43230d6294.php (51).
[ 2016-01-25T10:19:05+08:00 ]NOTICE: Undefined variable: param/www/c58_teacher/project/shopDemo/Storage/view/compile/9c5abaaa6f02cf73c9209d43230d6294.php (51).
[ 2016-01-25T10:19:05+08:00 ]NOTICE: Undefined variable: param/www/c58_teacher/project/shopDemo/Storage/view/compile/9c5abaaa6f02cf73c9209d43230d6294.php (35).
[ 2016-01-25T10:19:05+08:00 ]NOTICE: Undefined variable: param/www/c58_teacher/project/shopDemo/Storage/view/compile/9c5abaaa6f02cf73c9209d43230d6294.php (39).
[ 2016-01-25T10:19:05+08:00 ]NOTICE: Undefined variable: param/www/c58_teacher/project/shopDemo/Storage/view/compile/9c5abaaa6f02cf73c9209d43230d6294.php (51).
[ 2016-01-25T10:19:05+08:00 ]NOTICE: Undefined variable: param/www/c58_teacher/project/shopDemo/Storage/view/compile/9c5abaaa6f02cf73c9209d43230d6294.php (35).
[ 2016-01-25T10:19:05+08:00 ]NOTICE: Undefined variable: param/www/c58_teacher/project/shopDemo/Storage/view/compile/9c5abaaa6f02cf73c9209d43230d6294.php (39).
[ 2016-01-25T10:19:05+08:00 ]NOTICE: Undefined variable: param/www/c58_teacher/project/shopDemo/Storage/view/compile/9c5abaaa6f02cf73c9209d43230d6294.php (51).
[ 2016-01-25T10:19:05+08:00 ]NOTICE: Undefined variable: param/www/c58_teacher/project/shopDemo/Storage/view/compile/9c5abaaa6f02cf73c9209d43230d6294.php (35).
[ 2016-01-25T10:19:05+08:00 ]NOTICE: Undefined variable: param/www/c58_teacher/project/shopDemo/Storage/view/compile/9c5abaaa6f02cf73c9209d43230d6294.php (39).
[ 2016-01-25T10:19:05+08:00 ]NOTICE: Undefined variable: param/www/c58_teacher/project/shopDemo/Storage/view/compile/9c5abaaa6f02cf73c9209d43230d6294.php (51).
[ 2016-01-25T10:19:05+08:00 ]NOTICE: Undefined variable: param/www/c58_teacher/project/shopDemo/Storage/view/compile/9c5abaaa6f02cf73c9209d43230d6294.php (51).
[ 2016-01-25T10:19:05+08:00 ]NOTICE: Undefined variable: param/www/c58_teacher/project/shopDemo/Storage/view/compile/9c5abaaa6f02cf73c9209d43230d6294.php (51).
[ 2016-01-25T10:19:05+08:00 ]NOTICE: Undefined variable: param/www/c58_teacher/project/shopDemo/Storage/view/compile/9c5abaaa6f02cf73c9209d43230d6294.php (51).
[ 2016-01-25T10:19:05+08:00 ]NOTICE: Undefined variable: param/www/c58_teacher/project/shopDemo/Storage/view/compile/9c5abaaa6f02cf73c9209d43230d6294.php (51).
[ 2016-01-25T10:19:05+08:00 ]NOTICE: Undefined variable: param/www/c58_teacher/project/shopDemo/Storage/view/compile/9c5abaaa6f02cf73c9209d43230d6294.php (35).
[ 2016-01-25T10:19:05+08:00 ]NOTICE: Undefined variable: param/www/c58_teacher/project/shopDemo/Storage/view/compile/9c5abaaa6f02cf73c9209d43230d6294.php (39).
[ 2016-01-25T10:19:05+08:00 ]NOTICE: Undefined variable: param/www/c58_teacher/project/shopDemo/Storage/view/compile/9c5abaaa6f02cf73c9209d43230d6294.php (51).
[ 2016-01-25T10:19:05+08:00 ]NOTICE: Undefined variable: param/www/c58_teacher/project/shopDemo/Storage/view/compile/9c5abaaa6f02cf73c9209d43230d6294.php (51).
[ 2016-01-25T10:19:05+08:00 ]NOTICE: Undefined variable: param/www/c58_teacher/project/shopDemo/Storage/view/compile/9c5abaaa6f02cf73c9209d43230d6294.php (51).
[ 2016-01-25T10:19:05+08:00 ]NOTICE: Undefined variable: param/www/c58_teacher/project/shopDemo/Storage/view/compile/9c5abaaa6f02cf73c9209d43230d6294.php (35).
[ 2016-01-25T10:19:05+08:00 ]NOTICE: Undefined variable: param/www/c58_teacher/project/shopDemo/Storage/view/compile/9c5abaaa6f02cf73c9209d43230d6294.php (39).
[ 2016-01-25T10:19:05+08:00 ]NOTICE: Undefined variable: param/www/c58_teacher/project/shopDemo/Storage/view/compile/9c5abaaa6f02cf73c9209d43230d6294.php (51).
[ 2016-01-25T10:19:05+08:00 ]NOTICE: Undefined variable: param/www/c58_teacher/project/shopDemo/Storage/view/compile/9c5abaaa6f02cf73c9209d43230d6294.php (35).
[ 2016-01-25T10:19:05+08:00 ]NOTICE: Undefined variable: param/www/c58_teacher/project/shopDemo/Storage/view/compile/9c5abaaa6f02cf73c9209d43230d6294.php (39).
[ 2016-01-25T10:19:05+08:00 ]NOTICE: Undefined variable: param/www/c58_teacher/project/shopDemo/Storage/view/compile/9c5abaaa6f02cf73c9209d43230d6294.php (51).
[ 2016-01-25T10:19:05+08:00 ]NOTICE: Undefined variable: param/www/c58_teacher/project/shopDemo/Storage/view/compile/9c5abaaa6f02cf73c9209d43230d6294.php (35).
[ 2016-01-25T10:19:05+08:00 ]NOTICE: Undefined variable: param/www/c58_teacher/project/shopDemo/Storage/view/compile/9c5abaaa6f02cf73c9209d43230d6294.php (39).
[ 2016-01-25T10:19:05+08:00 ]NOTICE: Undefined variable: param/www/c58_teacher/project/shopDemo/Storage/view/compile/9c5abaaa6f02cf73c9209d43230d6294.php (51).
[ 2016-01-25T10:46:31+08:00 ]EXCEPTION: SELECT  gid  FROM ccshop_goods WHERE category_cid in(4,13,14,15,16,17,18,19,20,21,22,23,24,25,26,27,28,5,6) ;BindParams:array (
)42S22;1054;Unknown column 'category_cid' in 'where clause'
[ 2016-01-25T10:46:37+08:00 ]NOTICE: implode(): Invalid arguments passed/www/c58_teacher/project/shopDemo/App/Home/Controller/ListController.php (28).
[ 2016-01-25T10:46:37+08:00 ]EXCEPTION: SELECT  *  FROM ccshop_goods_attr WHERE gid in() GROUP BY gtvalue ;BindParams:array (
)42000;1064;You have an error in your SQL syntax; check the manual that corresponds to your MySQL server version for the right syntax to use near ') GROUP BY gtvalue' at line 1
[ 2016-01-25T10:46:39+08:00 ]NOTICE: implode(): Invalid arguments passed/www/c58_teacher/project/shopDemo/App/Home/Controller/ListController.php (28).
[ 2016-01-25T10:46:39+08:00 ]EXCEPTION: SELECT  *  FROM ccshop_goods_attr WHERE gid in() GROUP BY gtvalue ;BindParams:array (
)42000;1064;You have an error in your SQL syntax; check the manual that corresponds to your MySQL server version for the right syntax to use near ') GROUP BY gtvalue' at line 1
[ 2016-01-25T10:46:47+08:00 ]NOTICE: implode(): Invalid arguments passed/www/c58_teacher/project/shopDemo/App/Home/Controller/ListController.php (28).
[ 2016-01-25T10:46:47+08:00 ]EXCEPTION: SELECT  *  FROM ccshop_goods_attr WHERE gid in() GROUP BY gtvalue ;BindParams:array (
)42000;1064;You have an error in your SQL syntax; check the manual that corresponds to your MySQL server version for the right syntax to use near ') GROUP BY gtvalue' at line 1
[ 2016-01-25T10:47:13+08:00 ]NOTICE: implode(): Invalid arguments passed/www/c58_teacher/project/shopDemo/App/Home/Controller/ListController.php (29).
[ 2016-01-25T10:47:13+08:00 ]EXCEPTION: SELECT  *  FROM ccshop_goods_attr WHERE gid in() GROUP BY gtvalue ;BindParams:array (
)42000;1064;You have an error in your SQL syntax; check the manual that corresponds to your MySQL server version for the right syntax to use near ') GROUP BY gtvalue' at line 1
[ 2016-01-25T10:47:14+08:00 ]NOTICE: implode(): Invalid arguments passed/www/c58_teacher/project/shopDemo/App/Home/Controller/ListController.php (29).
[ 2016-01-25T10:47:14+08:00 ]EXCEPTION: SELECT  *  FROM ccshop_goods_attr WHERE gid in() GROUP BY gtvalue ;BindParams:array (
)42000;1064;You have an error in your SQL syntax; check the manual that corresponds to your MySQL server version for the right syntax to use near ') GROUP BY gtvalue' at line 1
[ 2016-01-25T10:47:27+08:00 ]NOTICE: implode(): Invalid arguments passed/www/c58_teacher/project/shopDemo/App/Home/Controller/ListController.php (30).
[ 2016-01-25T10:47:27+08:00 ]EXCEPTION: SELECT  *  FROM ccshop_goods_attr WHERE gid in() GROUP BY gtvalue ;BindParams:array (
)42000;1064;You have an error in your SQL syntax; check the manual that corresponds to your MySQL server version for the right syntax to use near ') GROUP BY gtvalue' at line 1
[ 2016-01-25T11:17:18+08:00 ]NOTICE: Undefined index: cid/www/c58_teacher/project/shopDemo/Storage/view/compile/9c5abaaa6f02cf73c9209d43230d6294.php (38).
[ 2016-01-25T11:17:18+08:00 ]NOTICE: Undefined index: cid/www/c58_teacher/project/shopDemo/Storage/view/compile/9c5abaaa6f02cf73c9209d43230d6294.php (45).
[ 2016-01-25T11:17:18+08:00 ]NOTICE: Undefined index: cid/www/c58_teacher/project/shopDemo/Storage/view/compile/9c5abaaa6f02cf73c9209d43230d6294.php (45).
[ 2016-01-25T11:17:18+08:00 ]NOTICE: Undefined index: cid/www/c58_teacher/project/shopDemo/Storage/view/compile/9c5abaaa6f02cf73c9209d43230d6294.php (45).
[ 2016-01-25T11:17:18+08:00 ]NOTICE: Undefined index: cid/www/c58_teacher/project/shopDemo/Storage/view/compile/9c5abaaa6f02cf73c9209d43230d6294.php (45).
[ 2016-01-25T11:17:18+08:00 ]NOTICE: Undefined index: cid/www/c58_teacher/project/shopDemo/Storage/view/compile/9c5abaaa6f02cf73c9209d43230d6294.php (45).
[ 2016-01-25T11:17:18+08:00 ]NOTICE: Undefined index: cid/www/c58_teacher/project/shopDemo/Storage/view/compile/9c5abaaa6f02cf73c9209d43230d6294.php (45).
[ 2016-01-25T11:17:18+08:00 ]NOTICE: Undefined index: cid/www/c58_teacher/project/shopDemo/Storage/view/compile/9c5abaaa6f02cf73c9209d43230d6294.php (45).
[ 2016-01-25T11:17:18+08:00 ]NOTICE: Undefined index: cid/www/c58_teacher/project/shopDemo/Storage/view/compile/9c5abaaa6f02cf73c9209d43230d6294.php (45).
[ 2016-01-25T11:17:18+08:00 ]NOTICE: Undefined index: cid/www/c58_teacher/project/shopDemo/Storage/view/compile/9c5abaaa6f02cf73c9209d43230d6294.php (45).
[ 2016-01-25T11:17:18+08:00 ]NOTICE: Undefined index: cid/www/c58_teacher/project/shopDemo/Storage/view/compile/9c5abaaa6f02cf73c9209d43230d6294.php (45).
[ 2016-01-25T11:17:18+08:00 ]NOTICE: Undefined index: cid/www/c58_teacher/project/shopDemo/Storage/view/compile/9c5abaaa6f02cf73c9209d43230d6294.php (45).
[ 2016-01-25T11:17:18+08:00 ]NOTICE: Undefined index: cid/www/c58_teacher/project/shopDemo/Storage/view/compile/9c5abaaa6f02cf73c9209d43230d6294.php (45).
[ 2016-01-25T11:17:18+08:00 ]NOTICE: Undefined index: cid/www/c58_teacher/project/shopDemo/Storage/view/compile/9c5abaaa6f02cf73c9209d43230d6294.php (45).
[ 2016-01-25T11:17:18+08:00 ]NOTICE: Undefined index: cid/www/c58_teacher/project/shopDemo/Storage/view/compile/9c5abaaa6f02cf73c9209d43230d6294.php (45).
[ 2016-01-25T11:17:18+08:00 ]NOTICE: Undefined index: cid/www/c58_teacher/project/shopDemo/Storage/view/compile/9c5abaaa6f02cf73c9209d43230d6294.php (38).
[ 2016-01-25T11:17:18+08:00 ]NOTICE: Undefined index: cid/www/c58_teacher/project/shopDemo/Storage/view/compile/9c5abaaa6f02cf73c9209d43230d6294.php (45).
[ 2016-01-25T11:17:18+08:00 ]NOTICE: Undefined index: cid/www/c58_teacher/project/shopDemo/Storage/view/compile/9c5abaaa6f02cf73c9209d43230d6294.php (45).
[ 2016-01-25T11:17:18+08:00 ]NOTICE: Undefined index: cid/www/c58_teacher/project/shopDemo/Storage/view/compile/9c5abaaa6f02cf73c9209d43230d6294.php (45).
[ 2016-01-25T11:17:18+08:00 ]NOTICE: Undefined index: cid/www/c58_teacher/project/shopDemo/Storage/view/compile/9c5abaaa6f02cf73c9209d43230d6294.php (45).
[ 2016-01-25T11:17:18+08:00 ]NOTICE: Undefined index: cid/www/c58_teacher/project/shopDemo/Storage/view/compile/9c5abaaa6f02cf73c9209d43230d6294.php (45).
[ 2016-01-25T11:17:18+08:00 ]NOTICE: Undefined index: cid/www/c58_teacher/project/shopDemo/Storage/view/compile/9c5abaaa6f02cf73c9209d43230d6294.php (38).
[ 2016-01-25T11:17:18+08:00 ]NOTICE: Undefined index: cid/www/c58_teacher/project/shopDemo/Storage/view/compile/9c5abaaa6f02cf73c9209d43230d6294.php (45).
[ 2016-01-25T11:17:18+08:00 ]NOTICE: Undefined index: cid/www/c58_teacher/project/shopDemo/Storage/view/compile/9c5abaaa6f02cf73c9209d43230d6294.php (45).
[ 2016-01-25T11:17:18+08:00 ]NOTICE: Undefined index: cid/www/c58_teacher/project/shopDemo/Storage/view/compile/9c5abaaa6f02cf73c9209d43230d6294.php (45).
[ 2016-01-25T11:17:18+08:00 ]NOTICE: Undefined index: cid/www/c58_teacher/project/shopDemo/Storage/view/compile/9c5abaaa6f02cf73c9209d43230d6294.php (38).
[ 2016-01-25T11:17:18+08:00 ]NOTICE: Undefined index: cid/www/c58_teacher/project/shopDemo/Storage/view/compile/9c5abaaa6f02cf73c9209d43230d6294.php (45).
[ 2016-01-25T11:17:18+08:00 ]NOTICE: Undefined index: cid/www/c58_teacher/project/shopDemo/Storage/view/compile/9c5abaaa6f02cf73c9209d43230d6294.php (45).
[ 2016-01-25T11:17:18+08:00 ]NOTICE: Undefined index: cid/www/c58_teacher/project/shopDemo/Storage/view/compile/9c5abaaa6f02cf73c9209d43230d6294.php (45).
[ 2016-01-25T11:17:18+08:00 ]NOTICE: Undefined index: cid/www/c58_teacher/project/shopDemo/Storage/view/compile/9c5abaaa6f02cf73c9209d43230d6294.php (38).
[ 2016-01-25T11:17:18+08:00 ]NOTICE: Undefined index: cid/www/c58_teacher/project/shopDemo/Storage/view/compile/9c5abaaa6f02cf73c9209d43230d6294.php (45).
[ 2016-01-25T11:17:18+08:00 ]NOTICE: Undefined index: cid/www/c58_teacher/project/shopDemo/Storage/view/compile/9c5abaaa6f02cf73c9209d43230d6294.php (45).
[ 2016-01-25T11:17:18+08:00 ]NOTICE: Undefined index: cid/www/c58_teacher/project/shopDemo/Storage/view/compile/9c5abaaa6f02cf73c9209d43230d6294.php (45).
[ 2016-01-25T11:17:18+08:00 ]NOTICE: Undefined index: cid/www/c58_teacher/project/shopDemo/Storage/view/compile/9c5abaaa6f02cf73c9209d43230d6294.php (45).
[ 2016-01-25T11:17:18+08:00 ]NOTICE: Undefined index: cid/www/c58_teacher/project/shopDemo/Storage/view/compile/9c5abaaa6f02cf73c9209d43230d6294.php (45).
[ 2016-01-25T11:17:18+08:00 ]NOTICE: Undefined index: cid/www/c58_teacher/project/shopDemo/Storage/view/compile/9c5abaaa6f02cf73c9209d43230d6294.php (45).
[ 2016-01-25T11:17:18+08:00 ]NOTICE: Undefined index: cid/www/c58_teacher/project/shopDemo/Storage/view/compile/9c5abaaa6f02cf73c9209d43230d6294.php (45).
[ 2016-01-25T11:17:18+08:00 ]NOTICE: Undefined index: cid/www/c58_teacher/project/shopDemo/Storage/view/compile/9c5abaaa6f02cf73c9209d43230d6294.php (38).
[ 2016-01-25T11:17:18+08:00 ]NOTICE: Undefined index: cid/www/c58_teacher/project/shopDemo/Storage/view/compile/9c5abaaa6f02cf73c9209d43230d6294.php (45).
[ 2016-01-25T11:17:18+08:00 ]NOTICE: Undefined index: cid/www/c58_teacher/project/shopDemo/Storage/view/compile/9c5abaaa6f02cf73c9209d43230d6294.php (45).
[ 2016-01-25T11:17:18+08:00 ]NOTICE: Undefined index: cid/www/c58_teacher/project/shopDemo/Storage/view/compile/9c5abaaa6f02cf73c9209d43230d6294.php (38).
[ 2016-01-25T11:17:18+08:00 ]NOTICE: Undefined index: cid/www/c58_teacher/project/shopDemo/Storage/view/compile/9c5abaaa6f02cf73c9209d43230d6294.php (45).
[ 2016-01-25T11:17:18+08:00 ]NOTICE: Undefined index: cid/www/c58_teacher/project/shopDemo/Storage/view/compile/9c5abaaa6f02cf73c9209d43230d6294.php (45).
[ 2016-01-25T11:17:18+08:00 ]NOTICE: Undefined index: cid/www/c58_teacher/project/shopDemo/Storage/view/compile/9c5abaaa6f02cf73c9209d43230d6294.php (45).
[ 2016-01-25T11:17:18+08:00 ]NOTICE: Undefined index: cid/www/c58_teacher/project/shopDemo/Storage/view/compile/9c5abaaa6f02cf73c9209d43230d6294.php (45).
[ 2016-01-25T11:17:18+08:00 ]NOTICE: Undefined index: cid/www/c58_teacher/project/shopDemo/Storage/view/compile/9c5abaaa6f02cf73c9209d43230d6294.php (45).
[ 2016-01-25T11:17:18+08:00 ]NOTICE: Undefined index: cid/www/c58_teacher/project/shopDemo/Storage/view/compile/9c5abaaa6f02cf73c9209d43230d6294.php (45).
[ 2016-01-25T11:17:18+08:00 ]NOTICE: Undefined index: cid/www/c58_teacher/project/shopDemo/Storage/view/compile/9c5abaaa6f02cf73c9209d43230d6294.php (45).
[ 2016-01-25T11:17:18+08:00 ]NOTICE: Undefined index: cid/www/c58_teacher/project/shopDemo/Storage/view/compile/9c5abaaa6f02cf73c9209d43230d6294.php (45).
[ 2016-01-25T11:17:18+08:00 ]NOTICE: Undefined index: cid/www/c58_teacher/project/shopDemo/Storage/view/compile/9c5abaaa6f02cf73c9209d43230d6294.php (38).
[ 2016-01-25T11:17:18+08:00 ]NOTICE: Undefined index: cid/www/c58_teacher/project/shopDemo/Storage/view/compile/9c5abaaa6f02cf73c9209d43230d6294.php (45).
[ 2016-01-25T11:17:18+08:00 ]NOTICE: Undefined index: cid/www/c58_teacher/project/shopDemo/Storage/view/compile/9c5abaaa6f02cf73c9209d43230d6294.php (45).
[ 2016-01-25T11:17:18+08:00 ]NOTICE: Undefined index: cid/www/c58_teacher/project/shopDemo/Storage/view/compile/9c5abaaa6f02cf73c9209d43230d6294.php (45).
[ 2016-01-25T11:17:18+08:00 ]NOTICE: Undefined index: cid/www/c58_teacher/project/shopDemo/Storage/view/compile/9c5abaaa6f02cf73c9209d43230d6294.php (45).
[ 2016-01-25T11:17:18+08:00 ]NOTICE: Undefined index: cid/www/c58_teacher/project/shopDemo/Storage/view/compile/9c5abaaa6f02cf73c9209d43230d6294.php (45).
[ 2016-01-25T11:17:18+08:00 ]NOTICE: Undefined index: cid/www/c58_teacher/project/shopDemo/Storage/view/compile/9c5abaaa6f02cf73c9209d43230d6294.php (45).
[ 2016-01-25T11:17:18+08:00 ]NOTICE: Undefined index: cid/www/c58_teacher/project/shopDemo/Storage/view/compile/9c5abaaa6f02cf73c9209d43230d6294.php (45).
[ 2016-01-25T11:17:18+08:00 ]NOTICE: Undefined index: cid/www/c58_teacher/project/shopDemo/Storage/view/compile/9c5abaaa6f02cf73c9209d43230d6294.php (38).
[ 2016-01-25T11:17:18+08:00 ]NOTICE: Undefined index: cid/www/c58_teacher/project/shopDemo/Storage/view/compile/9c5abaaa6f02cf73c9209d43230d6294.php (45).
[ 2016-01-25T11:17:18+08:00 ]NOTICE: Undefined index: cid/www/c58_teacher/project/shopDemo/Storage/view/compile/9c5abaaa6f02cf73c9209d43230d6294.php (45).
[ 2016-01-25T11:17:18+08:00 ]NOTICE: Undefined index: cid/www/c58_teacher/project/shopDemo/Storage/view/compile/9c5abaaa6f02cf73c9209d43230d6294.php (38).
[ 2016-01-25T11:17:18+08:00 ]NOTICE: Undefined index: cid/www/c58_teacher/project/shopDemo/Storage/view/compile/9c5abaaa6f02cf73c9209d43230d6294.php (45).
[ 2016-01-25T11:17:18+08:00 ]NOTICE: Undefined index: cid/www/c58_teacher/project/shopDemo/Storage/view/compile/9c5abaaa6f02cf73c9209d43230d6294.php (45).
[ 2016-01-25T11:17:18+08:00 ]NOTICE: Undefined index: cid/www/c58_teacher/project/shopDemo/Storage/view/compile/9c5abaaa6f02cf73c9209d43230d6294.php (38).
[ 2016-01-25T11:17:18+08:00 ]NOTICE: Undefined index: cid/www/c58_teacher/project/shopDemo/Storage/view/compile/9c5abaaa6f02cf73c9209d43230d6294.php (45).
[ 2016-01-25T11:17:18+08:00 ]NOTICE: Undefined index: cid/www/c58_teacher/project/shopDemo/Storage/view/compile/9c5abaaa6f02cf73c9209d43230d6294.php (45).
[ 2016-01-25T11:17:18+08:00 ]NOTICE: Undefined index: cid/www/c58_teacher/project/shopDemo/Storage/view/compile/9c5abaaa6f02cf73c9209d43230d6294.php (38).
[ 2016-01-25T11:17:18+08:00 ]NOTICE: Undefined index: cid/www/c58_teacher/project/shopDemo/Storage/view/compile/9c5abaaa6f02cf73c9209d43230d6294.php (45).
[ 2016-01-25T11:17:18+08:00 ]NOTICE: Undefined index: cid/www/c58_teacher/project/shopDemo/Storage/view/compile/9c5abaaa6f02cf73c9209d43230d6294.php (45).
[ 2016-01-25T11:17:18+08:00 ]NOTICE: Undefined index: cid/www/c58_teacher/project/shopDemo/Storage/view/compile/9c5abaaa6f02cf73c9209d43230d6294.php (45).
[ 2016-01-25T11:17:18+08:00 ]NOTICE: Undefined index: cid/www/c58_teacher/project/shopDemo/Storage/view/compile/9c5abaaa6f02cf73c9209d43230d6294.php (45).
[ 2016-01-25T11:17:18+08:00 ]NOTICE: Undefined index: cid/www/c58_teacher/project/shopDemo/Storage/view/compile/9c5abaaa6f02cf73c9209d43230d6294.php (45).
[ 2016-01-25T11:17:18+08:00 ]NOTICE: Undefined index: cid/www/c58_teacher/project/shopDemo/Storage/view/compile/9c5abaaa6f02cf73c9209d43230d6294.php (38).
[ 2016-01-25T11:17:18+08:00 ]NOTICE: Undefined index: cid/www/c58_teacher/project/shopDemo/Storage/view/compile/9c5abaaa6f02cf73c9209d43230d6294.php (45).
[ 2016-01-25T11:17:35+08:00 ]NOTICE: Undefined index: cid/www/c58_teacher/project/shopDemo/Storage/view/compile/9c5abaaa6f02cf73c9209d43230d6294.php (38).
[ 2016-01-25T11:17:35+08:00 ]NOTICE: Undefined index: cid/www/c58_teacher/project/shopDemo/Storage/view/compile/9c5abaaa6f02cf73c9209d43230d6294.php (45).
[ 2016-01-25T11:17:35+08:00 ]NOTICE: Undefined index: cid/www/c58_teacher/project/shopDemo/Storage/view/compile/9c5abaaa6f02cf73c9209d43230d6294.php (45).
[ 2016-01-25T11:17:35+08:00 ]NOTICE: Undefined index: cid/www/c58_teacher/project/shopDemo/Storage/view/compile/9c5abaaa6f02cf73c9209d43230d6294.php (45).
[ 2016-01-25T11:17:35+08:00 ]NOTICE: Undefined index: cid/www/c58_teacher/project/shopDemo/Storage/view/compile/9c5abaaa6f02cf73c9209d43230d6294.php (45).
[ 2016-01-25T11:17:35+08:00 ]NOTICE: Undefined index: cid/www/c58_teacher/project/shopDemo/Storage/view/compile/9c5abaaa6f02cf73c9209d43230d6294.php (45).
[ 2016-01-25T11:17:35+08:00 ]NOTICE: Undefined index: cid/www/c58_teacher/project/shopDemo/Storage/view/compile/9c5abaaa6f02cf73c9209d43230d6294.php (45).
[ 2016-01-25T11:17:35+08:00 ]NOTICE: Undefined index: cid/www/c58_teacher/project/shopDemo/Storage/view/compile/9c5abaaa6f02cf73c9209d43230d6294.php (45).
[ 2016-01-25T11:17:35+08:00 ]NOTICE: Undefined index: cid/www/c58_teacher/project/shopDemo/Storage/view/compile/9c5abaaa6f02cf73c9209d43230d6294.php (45).
[ 2016-01-25T11:17:35+08:00 ]NOTICE: Undefined index: cid/www/c58_teacher/project/shopDemo/Storage/view/compile/9c5abaaa6f02cf73c9209d43230d6294.php (45).
[ 2016-01-25T11:17:35+08:00 ]NOTICE: Undefined index: cid/www/c58_teacher/project/shopDemo/Storage/view/compile/9c5abaaa6f02cf73c9209d43230d6294.php (45).
[ 2016-01-25T11:17:35+08:00 ]NOTICE: Undefined index: cid/www/c58_teacher/project/shopDemo/Storage/view/compile/9c5abaaa6f02cf73c9209d43230d6294.php (45).
[ 2016-01-25T11:17:35+08:00 ]NOTICE: Undefined index: cid/www/c58_teacher/project/shopDemo/Storage/view/compile/9c5abaaa6f02cf73c9209d43230d6294.php (45).
[ 2016-01-25T11:17:35+08:00 ]NOTICE: Undefined index: cid/www/c58_teacher/project/shopDemo/Storage/view/compile/9c5abaaa6f02cf73c9209d43230d6294.php (45).
[ 2016-01-25T11:17:35+08:00 ]NOTICE: Undefined index: cid/www/c58_teacher/project/shopDemo/Storage/view/compile/9c5abaaa6f02cf73c9209d43230d6294.php (45).
[ 2016-01-25T11:17:35+08:00 ]NOTICE: Undefined index: cid/www/c58_teacher/project/shopDemo/Storage/view/compile/9c5abaaa6f02cf73c9209d43230d6294.php (38).
[ 2016-01-25T11:17:35+08:00 ]NOTICE: Undefined index: cid/www/c58_teacher/project/shopDemo/Storage/view/compile/9c5abaaa6f02cf73c9209d43230d6294.php (45).
[ 2016-01-25T11:17:35+08:00 ]NOTICE: Undefined index: cid/www/c58_teacher/project/shopDemo/Storage/view/compile/9c5abaaa6f02cf73c9209d43230d6294.php (45).
[ 2016-01-25T11:17:35+08:00 ]NOTICE: Undefined index: cid/www/c58_teacher/project/shopDemo/Storage/view/compile/9c5abaaa6f02cf73c9209d43230d6294.php (45).
[ 2016-01-25T11:17:35+08:00 ]NOTICE: Undefined index: cid/www/c58_teacher/project/shopDemo/Storage/view/compile/9c5abaaa6f02cf73c9209d43230d6294.php (45).
[ 2016-01-25T11:17:35+08:00 ]NOTICE: Undefined index: cid/www/c58_teacher/project/shopDemo/Storage/view/compile/9c5abaaa6f02cf73c9209d43230d6294.php (45).
[ 2016-01-25T11:17:35+08:00 ]NOTICE: Undefined index: cid/www/c58_teacher/project/shopDemo/Storage/view/compile/9c5abaaa6f02cf73c9209d43230d6294.php (38).
[ 2016-01-25T11:17:35+08:00 ]NOTICE: Undefined index: cid/www/c58_teacher/project/shopDemo/Storage/view/compile/9c5abaaa6f02cf73c9209d43230d6294.php (45).
[ 2016-01-25T11:17:35+08:00 ]NOTICE: Undefined index: cid/www/c58_teacher/project/shopDemo/Storage/view/compile/9c5abaaa6f02cf73c9209d43230d6294.php (45).
[ 2016-01-25T11:17:35+08:00 ]NOTICE: Undefined index: cid/www/c58_teacher/project/shopDemo/Storage/view/compile/9c5abaaa6f02cf73c9209d43230d6294.php (45).
[ 2016-01-25T11:17:35+08:00 ]NOTICE: Undefined index: cid/www/c58_teacher/project/shopDemo/Storage/view/compile/9c5abaaa6f02cf73c9209d43230d6294.php (38).
[ 2016-01-25T11:17:35+08:00 ]NOTICE: Undefined index: cid/www/c58_teacher/project/shopDemo/Storage/view/compile/9c5abaaa6f02cf73c9209d43230d6294.php (45).
[ 2016-01-25T11:17:35+08:00 ]NOTICE: Undefined index: cid/www/c58_teacher/project/shopDemo/Storage/view/compile/9c5abaaa6f02cf73c9209d43230d6294.php (45).
[ 2016-01-25T11:17:35+08:00 ]NOTICE: Undefined index: cid/www/c58_teacher/project/shopDemo/Storage/view/compile/9c5abaaa6f02cf73c9209d43230d6294.php (45).
[ 2016-01-25T11:17:35+08:00 ]NOTICE: Undefined index: cid/www/c58_teacher/project/shopDemo/Storage/view/compile/9c5abaaa6f02cf73c9209d43230d6294.php (38).
[ 2016-01-25T11:17:35+08:00 ]NOTICE: Undefined index: cid/www/c58_teacher/project/shopDemo/Storage/view/compile/9c5abaaa6f02cf73c9209d43230d6294.php (45).
[ 2016-01-25T11:17:35+08:00 ]NOTICE: Undefined index: cid/www/c58_teacher/project/shopDemo/Storage/view/compile/9c5abaaa6f02cf73c9209d43230d6294.php (45).
[ 2016-01-25T11:17:35+08:00 ]NOTICE: Undefined index: cid/www/c58_teacher/project/shopDemo/Storage/view/compile/9c5abaaa6f02cf73c9209d43230d6294.php (45).
[ 2016-01-25T11:17:35+08:00 ]NOTICE: Undefined index: cid/www/c58_teacher/project/shopDemo/Storage/view/compile/9c5abaaa6f02cf73c9209d43230d6294.php (45).
[ 2016-01-25T11:17:35+08:00 ]NOTICE: Undefined index: cid/www/c58_teacher/project/shopDemo/Storage/view/compile/9c5abaaa6f02cf73c9209d43230d6294.php (45).
[ 2016-01-25T11:17:35+08:00 ]NOTICE: Undefined index: cid/www/c58_teacher/project/shopDemo/Storage/view/compile/9c5abaaa6f02cf73c9209d43230d6294.php (45).
[ 2016-01-25T11:17:35+08:00 ]NOTICE: Undefined index: cid/www/c58_teacher/project/shopDemo/Storage/view/compile/9c5abaaa6f02cf73c9209d43230d6294.php (45).
[ 2016-01-25T11:17:35+08:00 ]NOTICE: Undefined index: cid/www/c58_teacher/project/shopDemo/Storage/view/compile/9c5abaaa6f02cf73c9209d43230d6294.php (38).
[ 2016-01-25T11:17:35+08:00 ]NOTICE: Undefined index: cid/www/c58_teacher/project/shopDemo/Storage/view/compile/9c5abaaa6f02cf73c9209d43230d6294.php (45).
[ 2016-01-25T11:17:35+08:00 ]NOTICE: Undefined index: cid/www/c58_teacher/project/shopDemo/Storage/view/compile/9c5abaaa6f02cf73c9209d43230d6294.php (45).
[ 2016-01-25T11:17:35+08:00 ]NOTICE: Undefined index: cid/www/c58_teacher/project/shopDemo/Storage/view/compile/9c5abaaa6f02cf73c9209d43230d6294.php (38).
[ 2016-01-25T11:17:35+08:00 ]NOTICE: Undefined index: cid/www/c58_teacher/project/shopDemo/Storage/view/compile/9c5abaaa6f02cf73c9209d43230d6294.php (45).
[ 2016-01-25T11:17:35+08:00 ]NOTICE: Undefined index: cid/www/c58_teacher/project/shopDemo/Storage/view/compile/9c5abaaa6f02cf73c9209d43230d6294.php (45).
[ 2016-01-25T11:17:35+08:00 ]NOTICE: Undefined index: cid/www/c58_teacher/project/shopDemo/Storage/view/compile/9c5abaaa6f02cf73c9209d43230d6294.php (45).
[ 2016-01-25T11:17:35+08:00 ]NOTICE: Undefined index: cid/www/c58_teacher/project/shopDemo/Storage/view/compile/9c5abaaa6f02cf73c9209d43230d6294.php (45).
[ 2016-01-25T11:17:35+08:00 ]NOTICE: Undefined index: cid/www/c58_teacher/project/shopDemo/Storage/view/compile/9c5abaaa6f02cf73c9209d43230d6294.php (45).
[ 2016-01-25T11:17:35+08:00 ]NOTICE: Undefined index: cid/www/c58_teacher/project/shopDemo/Storage/view/compile/9c5abaaa6f02cf73c9209d43230d6294.php (45).
[ 2016-01-25T11:17:35+08:00 ]NOTICE: Undefined index: cid/www/c58_teacher/project/shopDemo/Storage/view/compile/9c5abaaa6f02cf73c9209d43230d6294.php (45).
[ 2016-01-25T11:17:35+08:00 ]NOTICE: Undefined index: cid/www/c58_teacher/project/shopDemo/Storage/view/compile/9c5abaaa6f02cf73c9209d43230d6294.php (45).
[ 2016-01-25T11:17:35+08:00 ]NOTICE: Undefined index: cid/www/c58_teacher/project/shopDemo/Storage/view/compile/9c5abaaa6f02cf73c9209d43230d6294.php (38).
[ 2016-01-25T11:17:35+08:00 ]NOTICE: Undefined index: cid/www/c58_teacher/project/shopDemo/Storage/view/compile/9c5abaaa6f02cf73c9209d43230d6294.php (45).
[ 2016-01-25T11:17:35+08:00 ]NOTICE: Undefined index: cid/www/c58_teacher/project/shopDemo/Storage/view/compile/9c5abaaa6f02cf73c9209d43230d6294.php (45).
[ 2016-01-25T11:17:35+08:00 ]NOTICE: Undefined index: cid/www/c58_teacher/project/shopDemo/Storage/view/compile/9c5abaaa6f02cf73c9209d43230d6294.php (45).
[ 2016-01-25T11:17:35+08:00 ]NOTICE: Undefined index: cid/www/c58_teacher/project/shopDemo/Storage/view/compile/9c5abaaa6f02cf73c9209d43230d6294.php (45).
[ 2016-01-25T11:17:35+08:00 ]NOTICE: Undefined index: cid/www/c58_teacher/project/shopDemo/Storage/view/compile/9c5abaaa6f02cf73c9209d43230d6294.php (45).
[ 2016-01-25T11:17:35+08:00 ]NOTICE: Undefined index: cid/www/c58_teacher/project/shopDemo/Storage/view/compile/9c5abaaa6f02cf73c9209d43230d6294.php (45).
[ 2016-01-25T11:17:35+08:00 ]NOTICE: Undefined index: cid/www/c58_teacher/project/shopDemo/Storage/view/compile/9c5abaaa6f02cf73c9209d43230d6294.php (45).
[ 2016-01-25T11:17:35+08:00 ]NOTICE: Undefined index: cid/www/c58_teacher/project/shopDemo/Storage/view/compile/9c5abaaa6f02cf73c9209d43230d6294.php (38).
[ 2016-01-25T11:17:35+08:00 ]NOTICE: Undefined index: cid/www/c58_teacher/project/shopDemo/Storage/view/compile/9c5abaaa6f02cf73c9209d43230d6294.php (45).
[ 2016-01-25T11:17:35+08:00 ]NOTICE: Undefined index: cid/www/c58_teacher/project/shopDemo/Storage/view/compile/9c5abaaa6f02cf73c9209d43230d6294.php (45).
[ 2016-01-25T11:17:35+08:00 ]NOTICE: Undefined index: cid/www/c58_teacher/project/shopDemo/Storage/view/compile/9c5abaaa6f02cf73c9209d43230d6294.php (38).
[ 2016-01-25T11:17:35+08:00 ]NOTICE: Undefined index: cid/www/c58_teacher/project/shopDemo/Storage/view/compile/9c5abaaa6f02cf73c9209d43230d6294.php (45).
[ 2016-01-25T11:17:35+08:00 ]NOTICE: Undefined index: cid/www/c58_teacher/project/shopDemo/Storage/view/compile/9c5abaaa6f02cf73c9209d43230d6294.php (45).
[ 2016-01-25T11:17:35+08:00 ]NOTICE: Undefined index: cid/www/c58_teacher/project/shopDemo/Storage/view/compile/9c5abaaa6f02cf73c9209d43230d6294.php (38).
[ 2016-01-25T11:17:35+08:00 ]NOTICE: Undefined index: cid/www/c58_teacher/project/shopDemo/Storage/view/compile/9c5abaaa6f02cf73c9209d43230d6294.php (45).
[ 2016-01-25T11:17:35+08:00 ]NOTICE: Undefined index: cid/www/c58_teacher/project/shopDemo/Storage/view/compile/9c5abaaa6f02cf73c9209d43230d6294.php (45).
[ 2016-01-25T11:17:35+08:00 ]NOTICE: Undefined index: cid/www/c58_teacher/project/shopDemo/Storage/view/compile/9c5abaaa6f02cf73c9209d43230d6294.php (38).
[ 2016-01-25T11:17:35+08:00 ]NOTICE: Undefined index: cid/www/c58_teacher/project/shopDemo/Storage/view/compile/9c5abaaa6f02cf73c9209d43230d6294.php (45).
[ 2016-01-25T11:17:35+08:00 ]NOTICE: Undefined index: cid/www/c58_teacher/project/shopDemo/Storage/view/compile/9c5abaaa6f02cf73c9209d43230d6294.php (45).
[ 2016-01-25T11:17:35+08:00 ]NOTICE: Undefined index: cid/www/c58_teacher/project/shopDemo/Storage/view/compile/9c5abaaa6f02cf73c9209d43230d6294.php (45).
[ 2016-01-25T11:17:35+08:00 ]NOTICE: Undefined index: cid/www/c58_teacher/project/shopDemo/Storage/view/compile/9c5abaaa6f02cf73c9209d43230d6294.php (45).
[ 2016-01-25T11:17:35+08:00 ]NOTICE: Undefined index: cid/www/c58_teacher/project/shopDemo/Storage/view/compile/9c5abaaa6f02cf73c9209d43230d6294.php (45).
[ 2016-01-25T11:17:35+08:00 ]NOTICE: Undefined index: cid/www/c58_teacher/project/shopDemo/Storage/view/compile/9c5abaaa6f02cf73c9209d43230d6294.php (38).
[ 2016-01-25T11:17:35+08:00 ]NOTICE: Undefined index: cid/www/c58_teacher/project/shopDemo/Storage/view/compile/9c5abaaa6f02cf73c9209d43230d6294.php (45).
[ 2016-01-25T11:17:36+08:00 ]NOTICE: Undefined index: cid/www/c58_teacher/project/shopDemo/Storage/view/compile/9c5abaaa6f02cf73c9209d43230d6294.php (38).
[ 2016-01-25T11:17:36+08:00 ]NOTICE: Undefined index: cid/www/c58_teacher/project/shopDemo/Storage/view/compile/9c5abaaa6f02cf73c9209d43230d6294.php (45).
[ 2016-01-25T11:17:36+08:00 ]NOTICE: Undefined index: cid/www/c58_teacher/project/shopDemo/Storage/view/compile/9c5abaaa6f02cf73c9209d43230d6294.php (45).
[ 2016-01-25T11:17:36+08:00 ]NOTICE: Undefined index: cid/www/c58_teacher/project/shopDemo/Storage/view/compile/9c5abaaa6f02cf73c9209d43230d6294.php (45).
[ 2016-01-25T11:17:36+08:00 ]NOTICE: Undefined index: cid/www/c58_teacher/project/shopDemo/Storage/view/compile/9c5abaaa6f02cf73c9209d43230d6294.php (45).
[ 2016-01-25T11:17:36+08:00 ]NOTICE: Undefined index: cid/www/c58_teacher/project/shopDemo/Storage/view/compile/9c5abaaa6f02cf73c9209d43230d6294.php (45).
[ 2016-01-25T11:17:36+08:00 ]NOTICE: Undefined index: cid/www/c58_teacher/project/shopDemo/Storage/view/compile/9c5abaaa6f02cf73c9209d43230d6294.php (45).
[ 2016-01-25T11:17:36+08:00 ]NOTICE: Undefined index: cid/www/c58_teacher/project/shopDemo/Storage/view/compile/9c5abaaa6f02cf73c9209d43230d6294.php (45).
[ 2016-01-25T11:17:36+08:00 ]NOTICE: Undefined index: cid/www/c58_teacher/project/shopDemo/Storage/view/compile/9c5abaaa6f02cf73c9209d43230d6294.php (45).
[ 2016-01-25T11:17:36+08:00 ]NOTICE: Undefined index: cid/www/c58_teacher/project/shopDemo/Storage/view/compile/9c5abaaa6f02cf73c9209d43230d6294.php (45).
[ 2016-01-25T11:17:36+08:00 ]NOTICE: Undefined index: cid/www/c58_teacher/project/shopDemo/Storage/view/compile/9c5abaaa6f02cf73c9209d43230d6294.php (45).
[ 2016-01-25T11:17:36+08:00 ]NOTICE: Undefined index: cid/www/c58_teacher/project/shopDemo/Storage/view/compile/9c5abaaa6f02cf73c9209d43230d6294.php (45).
[ 2016-01-25T11:17:36+08:00 ]NOTICE: Undefined index: cid/www/c58_teacher/project/shopDemo/Storage/view/compile/9c5abaaa6f02cf73c9209d43230d6294.php (45).
[ 2016-01-25T11:17:36+08:00 ]NOTICE: Undefined index: cid/www/c58_teacher/project/shopDemo/Storage/view/compile/9c5abaaa6f02cf73c9209d43230d6294.php (45).
[ 2016-01-25T11:17:36+08:00 ]NOTICE: Undefined index: cid/www/c58_teacher/project/shopDemo/Storage/view/compile/9c5abaaa6f02cf73c9209d43230d6294.php (45).
[ 2016-01-25T11:17:36+08:00 ]NOTICE: Undefined index: cid/www/c58_teacher/project/shopDemo/Storage/view/compile/9c5abaaa6f02cf73c9209d43230d6294.php (38).
[ 2016-01-25T11:17:36+08:00 ]NOTICE: Undefined index: cid/www/c58_teacher/project/shopDemo/Storage/view/compile/9c5abaaa6f02cf73c9209d43230d6294.php (45).
[ 2016-01-25T11:17:36+08:00 ]NOTICE: Undefined index: cid/www/c58_teacher/project/shopDemo/Storage/view/compile/9c5abaaa6f02cf73c9209d43230d6294.php (45).
[ 2016-01-25T11:17:36+08:00 ]NOTICE: Undefined index: cid/www/c58_teacher/project/shopDemo/Storage/view/compile/9c5abaaa6f02cf73c9209d43230d6294.php (45).
[ 2016-01-25T11:17:36+08:00 ]NOTICE: Undefined index: cid/www/c58_teacher/project/shopDemo/Storage/view/compile/9c5abaaa6f02cf73c9209d43230d6294.php (45).
[ 2016-01-25T11:17:36+08:00 ]NOTICE: Undefined index: cid/www/c58_teacher/project/shopDemo/Storage/view/compile/9c5abaaa6f02cf73c9209d43230d6294.php (45).
[ 2016-01-25T11:17:36+08:00 ]NOTICE: Undefined index: cid/www/c58_teacher/project/shopDemo/Storage/view/compile/9c5abaaa6f02cf73c9209d43230d6294.php (38).
[ 2016-01-25T11:17:36+08:00 ]NOTICE: Undefined index: cid/www/c58_teacher/project/shopDemo/Storage/view/compile/9c5abaaa6f02cf73c9209d43230d6294.php (45).
[ 2016-01-25T11:17:36+08:00 ]NOTICE: Undefined index: cid/www/c58_teacher/project/shopDemo/Storage/view/compile/9c5abaaa6f02cf73c9209d43230d6294.php (45).
[ 2016-01-25T11:17:36+08:00 ]NOTICE: Undefined index: cid/www/c58_teacher/project/shopDemo/Storage/view/compile/9c5abaaa6f02cf73c9209d43230d6294.php (45).
[ 2016-01-25T11:17:36+08:00 ]NOTICE: Undefined index: cid/www/c58_teacher/project/shopDemo/Storage/view/compile/9c5abaaa6f02cf73c9209d43230d6294.php (38).
[ 2016-01-25T11:17:36+08:00 ]NOTICE: Undefined index: cid/www/c58_teacher/project/shopDemo/Storage/view/compile/9c5abaaa6f02cf73c9209d43230d6294.php (45).
[ 2016-01-25T11:17:36+08:00 ]NOTICE: Undefined index: cid/www/c58_teacher/project/shopDemo/Storage/view/compile/9c5abaaa6f02cf73c9209d43230d6294.php (45).
[ 2016-01-25T11:17:36+08:00 ]NOTICE: Undefined index: cid/www/c58_teacher/project/shopDemo/Storage/view/compile/9c5abaaa6f02cf73c9209d43230d6294.php (45).
[ 2016-01-25T11:17:36+08:00 ]NOTICE: Undefined index: cid/www/c58_teacher/project/shopDemo/Storage/view/compile/9c5abaaa6f02cf73c9209d43230d6294.php (38).
[ 2016-01-25T11:17:36+08:00 ]NOTICE: Undefined index: cid/www/c58_teacher/project/shopDemo/Storage/view/compile/9c5abaaa6f02cf73c9209d43230d6294.php (45).
[ 2016-01-25T11:17:36+08:00 ]NOTICE: Undefined index: cid/www/c58_teacher/project/shopDemo/Storage/view/compile/9c5abaaa6f02cf73c9209d43230d6294.php (45).
[ 2016-01-25T11:17:36+08:00 ]NOTICE: Undefined index: cid/www/c58_teacher/project/shopDemo/Storage/view/compile/9c5abaaa6f02cf73c9209d43230d6294.php (45).
[ 2016-01-25T11:17:36+08:00 ]NOTICE: Undefined index: cid/www/c58_teacher/project/shopDemo/Storage/view/compile/9c5abaaa6f02cf73c9209d43230d6294.php (45).
[ 2016-01-25T11:17:36+08:00 ]NOTICE: Undefined index: cid/www/c58_teacher/project/shopDemo/Storage/view/compile/9c5abaaa6f02cf73c9209d43230d6294.php (45).
[ 2016-01-25T11:17:36+08:00 ]NOTICE: Undefined index: cid/www/c58_teacher/project/shopDemo/Storage/view/compile/9c5abaaa6f02cf73c9209d43230d6294.php (45).
[ 2016-01-25T11:17:36+08:00 ]NOTICE: Undefined index: cid/www/c58_teacher/project/shopDemo/Storage/view/compile/9c5abaaa6f02cf73c9209d43230d6294.php (45).
[ 2016-01-25T11:17:36+08:00 ]NOTICE: Undefined index: cid/www/c58_teacher/project/shopDemo/Storage/view/compile/9c5abaaa6f02cf73c9209d43230d6294.php (38).
[ 2016-01-25T11:17:36+08:00 ]NOTICE: Undefined index: cid/www/c58_teacher/project/shopDemo/Storage/view/compile/9c5abaaa6f02cf73c9209d43230d6294.php (45).
[ 2016-01-25T11:17:36+08:00 ]NOTICE: Undefined index: cid/www/c58_teacher/project/shopDemo/Storage/view/compile/9c5abaaa6f02cf73c9209d43230d6294.php (45).
[ 2016-01-25T11:17:36+08:00 ]NOTICE: Undefined index: cid/www/c58_teacher/project/shopDemo/Storage/view/compile/9c5abaaa6f02cf73c9209d43230d6294.php (38).
[ 2016-01-25T11:17:36+08:00 ]NOTICE: Undefined index: cid/www/c58_teacher/project/shopDemo/Storage/view/compile/9c5abaaa6f02cf73c9209d43230d6294.php (45).
[ 2016-01-25T11:17:36+08:00 ]NOTICE: Undefined index: cid/www/c58_teacher/project/shopDemo/Storage/view/compile/9c5abaaa6f02cf73c9209d43230d6294.php (45).
[ 2016-01-25T11:17:36+08:00 ]NOTICE: Undefined index: cid/www/c58_teacher/project/shopDemo/Storage/view/compile/9c5abaaa6f02cf73c9209d43230d6294.php (45).
[ 2016-01-25T11:17:36+08:00 ]NOTICE: Undefined index: cid/www/c58_teacher/project/shopDemo/Storage/view/compile/9c5abaaa6f02cf73c9209d43230d6294.php (45).
[ 2016-01-25T11:17:36+08:00 ]NOTICE: Undefined index: cid/www/c58_teacher/project/shopDemo/Storage/view/compile/9c5abaaa6f02cf73c9209d43230d6294.php (45).
[ 2016-01-25T11:17:36+08:00 ]NOTICE: Undefined index: cid/www/c58_teacher/project/shopDemo/Storage/view/compile/9c5abaaa6f02cf73c9209d43230d6294.php (45).
[ 2016-01-25T11:17:36+08:00 ]NOTICE: Undefined index: cid/www/c58_teacher/project/shopDemo/Storage/view/compile/9c5abaaa6f02cf73c9209d43230d6294.php (45).
[ 2016-01-25T11:17:36+08:00 ]NOTICE: Undefined index: cid/www/c58_teacher/project/shopDemo/Storage/view/compile/9c5abaaa6f02cf73c9209d43230d6294.php (45).
[ 2016-01-25T11:17:36+08:00 ]NOTICE: Undefined index: cid/www/c58_teacher/project/shopDemo/Storage/view/compile/9c5abaaa6f02cf73c9209d43230d6294.php (38).
[ 2016-01-25T11:17:36+08:00 ]NOTICE: Undefined index: cid/www/c58_teacher/project/shopDemo/Storage/view/compile/9c5abaaa6f02cf73c9209d43230d6294.php (45).
[ 2016-01-25T11:17:36+08:00 ]NOTICE: Undefined index: cid/www/c58_teacher/project/shopDemo/Storage/view/compile/9c5abaaa6f02cf73c9209d43230d6294.php (45).
[ 2016-01-25T11:17:36+08:00 ]NOTICE: Undefined index: cid/www/c58_teacher/project/shopDemo/Storage/view/compile/9c5abaaa6f02cf73c9209d43230d6294.php (45).
[ 2016-01-25T11:17:36+08:00 ]NOTICE: Undefined index: cid/www/c58_teacher/project/shopDemo/Storage/view/compile/9c5abaaa6f02cf73c9209d43230d6294.php (45).
[ 2016-01-25T11:17:36+08:00 ]NOTICE: Undefined index: cid/www/c58_teacher/project/shopDemo/Storage/view/compile/9c5abaaa6f02cf73c9209d43230d6294.php (45).
[ 2016-01-25T11:17:36+08:00 ]NOTICE: Undefined index: cid/www/c58_teacher/project/shopDemo/Storage/view/compile/9c5abaaa6f02cf73c9209d43230d6294.php (45).
[ 2016-01-25T11:17:36+08:00 ]NOTICE: Undefined index: cid/www/c58_teacher/project/shopDemo/Storage/view/compile/9c5abaaa6f02cf73c9209d43230d6294.php (45).
[ 2016-01-25T11:17:36+08:00 ]NOTICE: Undefined index: cid/www/c58_teacher/project/shopDemo/Storage/view/compile/9c5abaaa6f02cf73c9209d43230d6294.php (38).
[ 2016-01-25T11:17:36+08:00 ]NOTICE: Undefined index: cid/www/c58_teacher/project/shopDemo/Storage/view/compile/9c5abaaa6f02cf73c9209d43230d6294.php (45).
[ 2016-01-25T11:17:36+08:00 ]NOTICE: Undefined index: cid/www/c58_teacher/project/shopDemo/Storage/view/compile/9c5abaaa6f02cf73c9209d43230d6294.php (45).
[ 2016-01-25T11:17:36+08:00 ]NOTICE: Undefined index: cid/www/c58_teacher/project/shopDemo/Storage/view/compile/9c5abaaa6f02cf73c9209d43230d6294.php (38).
[ 2016-01-25T11:17:36+08:00 ]NOTICE: Undefined index: cid/www/c58_teacher/project/shopDemo/Storage/view/compile/9c5abaaa6f02cf73c9209d43230d6294.php (45).
[ 2016-01-25T11:17:36+08:00 ]NOTICE: Undefined index: cid/www/c58_teacher/project/shopDemo/Storage/view/compile/9c5abaaa6f02cf73c9209d43230d6294.php (45).
[ 2016-01-25T11:17:36+08:00 ]NOTICE: Undefined index: cid/www/c58_teacher/project/shopDemo/Storage/view/compile/9c5abaaa6f02cf73c9209d43230d6294.php (38).
[ 2016-01-25T11:17:36+08:00 ]NOTICE: Undefined index: cid/www/c58_teacher/project/shopDemo/Storage/view/compile/9c5abaaa6f02cf73c9209d43230d6294.php (45).
[ 2016-01-25T11:17:36+08:00 ]NOTICE: Undefined index: cid/www/c58_teacher/project/shopDemo/Storage/view/compile/9c5abaaa6f02cf73c9209d43230d6294.php (45).
[ 2016-01-25T11:17:36+08:00 ]NOTICE: Undefined index: cid/www/c58_teacher/project/shopDemo/Storage/view/compile/9c5abaaa6f02cf73c9209d43230d6294.php (38).
[ 2016-01-25T11:17:36+08:00 ]NOTICE: Undefined index: cid/www/c58_teacher/project/shopDemo/Storage/view/compile/9c5abaaa6f02cf73c9209d43230d6294.php (45).
[ 2016-01-25T11:17:36+08:00 ]NOTICE: Undefined index: cid/www/c58_teacher/project/shopDemo/Storage/view/compile/9c5abaaa6f02cf73c9209d43230d6294.php (45).
[ 2016-01-25T11:17:36+08:00 ]NOTICE: Undefined index: cid/www/c58_teacher/project/shopDemo/Storage/view/compile/9c5abaaa6f02cf73c9209d43230d6294.php (45).
[ 2016-01-25T11:17:36+08:00 ]NOTICE: Undefined index: cid/www/c58_teacher/project/shopDemo/Storage/view/compile/9c5abaaa6f02cf73c9209d43230d6294.php (45).
[ 2016-01-25T11:17:36+08:00 ]NOTICE: Undefined index: cid/www/c58_teacher/project/shopDemo/Storage/view/compile/9c5abaaa6f02cf73c9209d43230d6294.php (45).
[ 2016-01-25T11:17:36+08:00 ]NOTICE: Undefined index: cid/www/c58_teacher/project/shopDemo/Storage/view/compile/9c5abaaa6f02cf73c9209d43230d6294.php (38).
[ 2016-01-25T11:17:36+08:00 ]NOTICE: Undefined index: cid/www/c58_teacher/project/shopDemo/Storage/view/compile/9c5abaaa6f02cf73c9209d43230d6294.php (45).
[ 2016-01-25T11:18:06+08:00 ]NOTICE: Undefined index: cid/www/c58_teacher/project/shopDemo/Storage/view/compile/9c5abaaa6f02cf73c9209d43230d6294.php (39).
[ 2016-01-25T11:18:06+08:00 ]NOTICE: Undefined index: cid/www/c58_teacher/project/shopDemo/Storage/view/compile/9c5abaaa6f02cf73c9209d43230d6294.php (46).
[ 2016-01-25T11:18:06+08:00 ]NOTICE: Undefined index: cid/www/c58_teacher/project/shopDemo/Storage/view/compile/9c5abaaa6f02cf73c9209d43230d6294.php (46).
[ 2016-01-25T11:18:06+08:00 ]NOTICE: Undefined index: cid/www/c58_teacher/project/shopDemo/Storage/view/compile/9c5abaaa6f02cf73c9209d43230d6294.php (46).
[ 2016-01-25T11:18:06+08:00 ]NOTICE: Undefined index: cid/www/c58_teacher/project/shopDemo/Storage/view/compile/9c5abaaa6f02cf73c9209d43230d6294.php (46).
[ 2016-01-25T11:18:06+08:00 ]NOTICE: Undefined index: cid/www/c58_teacher/project/shopDemo/Storage/view/compile/9c5abaaa6f02cf73c9209d43230d6294.php (46).
[ 2016-01-25T11:18:06+08:00 ]NOTICE: Undefined index: cid/www/c58_teacher/project/shopDemo/Storage/view/compile/9c5abaaa6f02cf73c9209d43230d6294.php (46).
[ 2016-01-25T11:18:06+08:00 ]NOTICE: Undefined index: cid/www/c58_teacher/project/shopDemo/Storage/view/compile/9c5abaaa6f02cf73c9209d43230d6294.php (46).
[ 2016-01-25T11:18:06+08:00 ]NOTICE: Undefined index: cid/www/c58_teacher/project/shopDemo/Storage/view/compile/9c5abaaa6f02cf73c9209d43230d6294.php (46).
[ 2016-01-25T11:18:06+08:00 ]NOTICE: Undefined index: cid/www/c58_teacher/project/shopDemo/Storage/view/compile/9c5abaaa6f02cf73c9209d43230d6294.php (46).
[ 2016-01-25T11:18:06+08:00 ]NOTICE: Undefined index: cid/www/c58_teacher/project/shopDemo/Storage/view/compile/9c5abaaa6f02cf73c9209d43230d6294.php (46).
[ 2016-01-25T11:18:06+08:00 ]NOTICE: Undefined index: cid/www/c58_teacher/project/shopDemo/Storage/view/compile/9c5abaaa6f02cf73c9209d43230d6294.php (46).
[ 2016-01-25T11:18:06+08:00 ]NOTICE: Undefined index: cid/www/c58_teacher/project/shopDemo/Storage/view/compile/9c5abaaa6f02cf73c9209d43230d6294.php (46).
[ 2016-01-25T11:18:06+08:00 ]NOTICE: Undefined index: cid/www/c58_teacher/project/shopDemo/Storage/view/compile/9c5abaaa6f02cf73c9209d43230d6294.php (46).
[ 2016-01-25T11:18:06+08:00 ]NOTICE: Undefined index: cid/www/c58_teacher/project/shopDemo/Storage/view/compile/9c5abaaa6f02cf73c9209d43230d6294.php (46).
[ 2016-01-25T11:18:06+08:00 ]NOTICE: Undefined index: cid/www/c58_teacher/project/shopDemo/Storage/view/compile/9c5abaaa6f02cf73c9209d43230d6294.php (39).
[ 2016-01-25T11:18:06+08:00 ]NOTICE: Undefined index: cid/www/c58_teacher/project/shopDemo/Storage/view/compile/9c5abaaa6f02cf73c9209d43230d6294.php (46).
[ 2016-01-25T11:18:06+08:00 ]NOTICE: Undefined index: cid/www/c58_teacher/project/shopDemo/Storage/view/compile/9c5abaaa6f02cf73c9209d43230d6294.php (46).
[ 2016-01-25T11:18:06+08:00 ]NOTICE: Undefined index: cid/www/c58_teacher/project/shopDemo/Storage/view/compile/9c5abaaa6f02cf73c9209d43230d6294.php (46).
[ 2016-01-25T11:18:06+08:00 ]NOTICE: Undefined index: cid/www/c58_teacher/project/shopDemo/Storage/view/compile/9c5abaaa6f02cf73c9209d43230d6294.php (46).
[ 2016-01-25T11:18:06+08:00 ]NOTICE: Undefined index: cid/www/c58_teacher/project/shopDemo/Storage/view/compile/9c5abaaa6f02cf73c9209d43230d6294.php (46).
[ 2016-01-25T11:18:06+08:00 ]NOTICE: Undefined index: cid/www/c58_teacher/project/shopDemo/Storage/view/compile/9c5abaaa6f02cf73c9209d43230d6294.php (39).
[ 2016-01-25T11:18:06+08:00 ]NOTICE: Undefined index: cid/www/c58_teacher/project/shopDemo/Storage/view/compile/9c5abaaa6f02cf73c9209d43230d6294.php (46).
[ 2016-01-25T11:18:06+08:00 ]NOTICE: Undefined index: cid/www/c58_teacher/project/shopDemo/Storage/view/compile/9c5abaaa6f02cf73c9209d43230d6294.php (46).
[ 2016-01-25T11:18:06+08:00 ]NOTICE: Undefined index: cid/www/c58_teacher/project/shopDemo/Storage/view/compile/9c5abaaa6f02cf73c9209d43230d6294.php (46).
[ 2016-01-25T11:18:06+08:00 ]NOTICE: Undefined index: cid/www/c58_teacher/project/shopDemo/Storage/view/compile/9c5abaaa6f02cf73c9209d43230d6294.php (39).
[ 2016-01-25T11:18:06+08:00 ]NOTICE: Undefined index: cid/www/c58_teacher/project/shopDemo/Storage/view/compile/9c5abaaa6f02cf73c9209d43230d6294.php (46).
[ 2016-01-25T11:18:06+08:00 ]NOTICE: Undefined index: cid/www/c58_teacher/project/shopDemo/Storage/view/compile/9c5abaaa6f02cf73c9209d43230d6294.php (46).
[ 2016-01-25T11:18:06+08:00 ]NOTICE: Undefined index: cid/www/c58_teacher/project/shopDemo/Storage/view/compile/9c5abaaa6f02cf73c9209d43230d6294.php (46).
[ 2016-01-25T11:18:06+08:00 ]NOTICE: Undefined index: cid/www/c58_teacher/project/shopDemo/Storage/view/compile/9c5abaaa6f02cf73c9209d43230d6294.php (39).
[ 2016-01-25T11:18:06+08:00 ]NOTICE: Undefined index: cid/www/c58_teacher/project/shopDemo/Storage/view/compile/9c5abaaa6f02cf73c9209d43230d6294.php (46).
[ 2016-01-25T11:18:06+08:00 ]NOTICE: Undefined index: cid/www/c58_teacher/project/shopDemo/Storage/view/compile/9c5abaaa6f02cf73c9209d43230d6294.php (46).
[ 2016-01-25T11:18:06+08:00 ]NOTICE: Undefined index: cid/www/c58_teacher/project/shopDemo/Storage/view/compile/9c5abaaa6f02cf73c9209d43230d6294.php (46).
[ 2016-01-25T11:18:06+08:00 ]NOTICE: Undefined index: cid/www/c58_teacher/project/shopDemo/Storage/view/compile/9c5abaaa6f02cf73c9209d43230d6294.php (46).
[ 2016-01-25T11:18:06+08:00 ]NOTICE: Undefined index: cid/www/c58_teacher/project/shopDemo/Storage/view/compile/9c5abaaa6f02cf73c9209d43230d6294.php (46).
[ 2016-01-25T11:18:06+08:00 ]NOTICE: Undefined index: cid/www/c58_teacher/project/shopDemo/Storage/view/compile/9c5abaaa6f02cf73c9209d43230d6294.php (46).
[ 2016-01-25T11:18:06+08:00 ]NOTICE: Undefined index: cid/www/c58_teacher/project/shopDemo/Storage/view/compile/9c5abaaa6f02cf73c9209d43230d6294.php (46).
[ 2016-01-25T11:18:06+08:00 ]NOTICE: Undefined index: cid/www/c58_teacher/project/shopDemo/Storage/view/compile/9c5abaaa6f02cf73c9209d43230d6294.php (39).
[ 2016-01-25T11:18:06+08:00 ]NOTICE: Undefined index: cid/www/c58_teacher/project/shopDemo/Storage/view/compile/9c5abaaa6f02cf73c9209d43230d6294.php (46).
[ 2016-01-25T11:18:06+08:00 ]NOTICE: Undefined index: cid/www/c58_teacher/project/shopDemo/Storage/view/compile/9c5abaaa6f02cf73c9209d43230d6294.php (46).
[ 2016-01-25T11:18:06+08:00 ]NOTICE: Undefined index: cid/www/c58_teacher/project/shopDemo/Storage/view/compile/9c5abaaa6f02cf73c9209d43230d6294.php (39).
[ 2016-01-25T11:18:06+08:00 ]NOTICE: Undefined index: cid/www/c58_teacher/project/shopDemo/Storage/view/compile/9c5abaaa6f02cf73c9209d43230d6294.php (46).
[ 2016-01-25T11:18:06+08:00 ]NOTICE: Undefined index: cid/www/c58_teacher/project/shopDemo/Storage/view/compile/9c5abaaa6f02cf73c9209d43230d6294.php (46).
[ 2016-01-25T11:18:06+08:00 ]NOTICE: Undefined index: cid/www/c58_teacher/project/shopDemo/Storage/view/compile/9c5abaaa6f02cf73c9209d43230d6294.php (46).
[ 2016-01-25T11:18:06+08:00 ]NOTICE: Undefined index: cid/www/c58_teacher/project/shopDemo/Storage/view/compile/9c5abaaa6f02cf73c9209d43230d6294.php (46).
[ 2016-01-25T11:18:06+08:00 ]NOTICE: Undefined index: cid/www/c58_teacher/project/shopDemo/Storage/view/compile/9c5abaaa6f02cf73c9209d43230d6294.php (46).
[ 2016-01-25T11:18:06+08:00 ]NOTICE: Undefined index: cid/www/c58_teacher/project/shopDemo/Storage/view/compile/9c5abaaa6f02cf73c9209d43230d6294.php (46).
[ 2016-01-25T11:18:06+08:00 ]NOTICE: Undefined index: cid/www/c58_teacher/project/shopDemo/Storage/view/compile/9c5abaaa6f02cf73c9209d43230d6294.php (46).
[ 2016-01-25T11:18:06+08:00 ]NOTICE: Undefined index: cid/www/c58_teacher/project/shopDemo/Storage/view/compile/9c5abaaa6f02cf73c9209d43230d6294.php (46).
[ 2016-01-25T11:18:06+08:00 ]NOTICE: Undefined index: cid/www/c58_teacher/project/shopDemo/Storage/view/compile/9c5abaaa6f02cf73c9209d43230d6294.php (39).
[ 2016-01-25T11:18:06+08:00 ]NOTICE: Undefined index: cid/www/c58_teacher/project/shopDemo/Storage/view/compile/9c5abaaa6f02cf73c9209d43230d6294.php (46).
[ 2016-01-25T11:18:06+08:00 ]NOTICE: Undefined index: cid/www/c58_teacher/project/shopDemo/Storage/view/compile/9c5abaaa6f02cf73c9209d43230d6294.php (46).
[ 2016-01-25T11:18:06+08:00 ]NOTICE: Undefined index: cid/www/c58_teacher/project/shopDemo/Storage/view/compile/9c5abaaa6f02cf73c9209d43230d6294.php (46).
[ 2016-01-25T11:18:06+08:00 ]NOTICE: Undefined index: cid/www/c58_teacher/project/shopDemo/Storage/view/compile/9c5abaaa6f02cf73c9209d43230d6294.php (46).
[ 2016-01-25T11:18:06+08:00 ]NOTICE: Undefined index: cid/www/c58_teacher/project/shopDemo/Storage/view/compile/9c5abaaa6f02cf73c9209d43230d6294.php (46).
[ 2016-01-25T11:18:06+08:00 ]NOTICE: Undefined index: cid/www/c58_teacher/project/shopDemo/Storage/view/compile/9c5abaaa6f02cf73c9209d43230d6294.php (46).
[ 2016-01-25T11:18:06+08:00 ]NOTICE: Undefined index: cid/www/c58_teacher/project/shopDemo/Storage/view/compile/9c5abaaa6f02cf73c9209d43230d6294.php (46).
[ 2016-01-25T11:18:06+08:00 ]NOTICE: Undefined index: cid/www/c58_teacher/project/shopDemo/Storage/view/compile/9c5abaaa6f02cf73c9209d43230d6294.php (39).
[ 2016-01-25T11:18:06+08:00 ]NOTICE: Undefined index: cid/www/c58_teacher/project/shopDemo/Storage/view/compile/9c5abaaa6f02cf73c9209d43230d6294.php (46).
[ 2016-01-25T11:18:06+08:00 ]NOTICE: Undefined index: cid/www/c58_teacher/project/shopDemo/Storage/view/compile/9c5abaaa6f02cf73c9209d43230d6294.php (46).
[ 2016-01-25T11:18:06+08:00 ]NOTICE: Undefined index: cid/www/c58_teacher/project/shopDemo/Storage/view/compile/9c5abaaa6f02cf73c9209d43230d6294.php (39).
[ 2016-01-25T11:18:06+08:00 ]NOTICE: Undefined index: cid/www/c58_teacher/project/shopDemo/Storage/view/compile/9c5abaaa6f02cf73c9209d43230d6294.php (46).
[ 2016-01-25T11:18:06+08:00 ]NOTICE: Undefined index: cid/www/c58_teacher/project/shopDemo/Storage/view/compile/9c5abaaa6f02cf73c9209d43230d6294.php (46).
[ 2016-01-25T11:18:06+08:00 ]NOTICE: Undefined index: cid/www/c58_teacher/project/shopDemo/Storage/view/compile/9c5abaaa6f02cf73c9209d43230d6294.php (39).
[ 2016-01-25T11:18:06+08:00 ]NOTICE: Undefined index: cid/www/c58_teacher/project/shopDemo/Storage/view/compile/9c5abaaa6f02cf73c9209d43230d6294.php (46).
[ 2016-01-25T11:18:06+08:00 ]NOTICE: Undefined index: cid/www/c58_teacher/project/shopDemo/Storage/view/compile/9c5abaaa6f02cf73c9209d43230d6294.php (46).
[ 2016-01-25T11:18:06+08:00 ]NOTICE: Undefined index: cid/www/c58_teacher/project/shopDemo/Storage/view/compile/9c5abaaa6f02cf73c9209d43230d6294.php (39).
[ 2016-01-25T11:18:06+08:00 ]NOTICE: Undefined index: cid/www/c58_teacher/project/shopDemo/Storage/view/compile/9c5abaaa6f02cf73c9209d43230d6294.php (46).
[ 2016-01-25T11:18:06+08:00 ]NOTICE: Undefined index: cid/www/c58_teacher/project/shopDemo/Storage/view/compile/9c5abaaa6f02cf73c9209d43230d6294.php (46).
[ 2016-01-25T11:18:06+08:00 ]NOTICE: Undefined index: cid/www/c58_teacher/project/shopDemo/Storage/view/compile/9c5abaaa6f02cf73c9209d43230d6294.php (46).
[ 2016-01-25T11:18:06+08:00 ]NOTICE: Undefined index: cid/www/c58_teacher/project/shopDemo/Storage/view/compile/9c5abaaa6f02cf73c9209d43230d6294.php (46).
[ 2016-01-25T11:18:06+08:00 ]NOTICE: Undefined index: cid/www/c58_teacher/project/shopDemo/Storage/view/compile/9c5abaaa6f02cf73c9209d43230d6294.php (46).
[ 2016-01-25T11:18:06+08:00 ]NOTICE: Undefined index: cid/www/c58_teacher/project/shopDemo/Storage/view/compile/9c5abaaa6f02cf73c9209d43230d6294.php (39).
[ 2016-01-25T11:18:06+08:00 ]NOTICE: Undefined index: cid/www/c58_teacher/project/shopDemo/Storage/view/compile/9c5abaaa6f02cf73c9209d43230d6294.php (46).
