[ 2016-03-11T10:37:31+08:00 ]NOTICE: Non-static method Weixin::getInstance() should not be called statically, assuming $this from incompatible context/www/wx/App/Home/Controller/IndexController.php (17).
[ 2016-03-11T10:37:31+08:00 ]NOTICE: include(./WeixinEvent.php): failed to open stream: No such file or directory/www/wx/WeixinAPI/Weixin.php (40).
[ 2016-03-11T10:37:31+08:00 ]NOTICE: include(): Failed opening './WeixinEvent.php' for inclusion (include_path='.:/usr/share/pear:/usr/share/php')/www/wx/WeixinAPI/Weixin.php (40).
[ 2016-03-11T10:37:38+08:00 ]NOTICE: Non-static method Weixin::getInstance() should not be called statically, assuming $this from incompatible context/www/wx/App/Home/Controller/IndexController.php (17).
[ 2016-03-11T10:37:38+08:00 ]NOTICE: include(./WeixinEvent.php): failed to open stream: No such file or directory/www/wx/WeixinAPI/Weixin.php (40).
[ 2016-03-11T10:37:38+08:00 ]NOTICE: include(): Failed opening './WeixinEvent.php' for inclusion (include_path='.:/usr/share/pear:/usr/share/php')/www/wx/WeixinAPI/Weixin.php (40).
[ 2016-03-11T10:37:42+08:00 ]NOTICE: Non-static method Weixin::getInstance() should not be called statically, assuming $this from incompatible context/www/wx/App/Home/Controller/IndexController.php (17).
[ 2016-03-11T10:37:42+08:00 ]NOTICE: include(./WeixinEvent.php): failed to open stream: No such file or directory/www/wx/WeixinAPI/Weixin.php (40).
[ 2016-03-11T10:37:42+08:00 ]NOTICE: include(): Failed opening './WeixinEvent.php' for inclusion (include_path='.:/usr/share/pear:/usr/share/php')/www/wx/WeixinAPI/Weixin.php (40).
[ 2016-03-11T10:37:46+08:00 ]NOTICE: Non-static method Weixin::getInstance() should not be called statically, assuming $this from incompatible context/www/wx/App/Home/Controller/IndexController.php (17).
[ 2016-03-11T10:37:46+08:00 ]NOTICE: include(./WeixinEvent.php): failed to open stream: No such file or directory/www/wx/WeixinAPI/Weixin.php (40).
[ 2016-03-11T10:37:46+08:00 ]NOTICE: include(): Failed opening './WeixinEvent.php' for inclusion (include_path='.:/usr/share/pear:/usr/share/php')/www/wx/WeixinAPI/Weixin.php (40).
[ 2016-03-11T10:37:55+08:00 ]NOTICE: Non-static method Weixin::getInstance() should not be called statically, assuming $this from incompatible context/www/wx/App/Home/Controller/IndexController.php (17).
[ 2016-03-11T10:37:55+08:00 ]NOTICE: include(./WeixinEvent.php): failed to open stream: No such file or directory/www/wx/WeixinAPI/Weixin.php (40).
[ 2016-03-11T10:37:55+08:00 ]NOTICE: include(): Failed opening './WeixinEvent.php' for inclusion (include_path='.:/usr/share/pear:/usr/share/php')/www/wx/WeixinAPI/Weixin.php (40).
[ 2016-03-11T10:37:56+08:00 ]NOTICE: Non-static method Weixin::getInstance() should not be called statically, assuming $this from incompatible context/www/wx/App/Home/Controller/IndexController.php (17).
[ 2016-03-11T10:37:56+08:00 ]NOTICE: include(./WeixinEvent.php): failed to open stream: No such file or directory/www/wx/WeixinAPI/Weixin.php (40).
[ 2016-03-11T10:37:56+08:00 ]NOTICE: include(): Failed opening './WeixinEvent.php' for inclusion (include_path='.:/usr/share/pear:/usr/share/php')/www/wx/WeixinAPI/Weixin.php (40).
[ 2016-03-11T10:37:59+08:00 ]NOTICE: Non-static method Weixin::getInstance() should not be called statically, assuming $this from incompatible context/www/wx/App/Home/Controller/IndexController.php (17).
[ 2016-03-11T10:37:59+08:00 ]NOTICE: include(./WeixinEvent.php): failed to open stream: No such file or directory/www/wx/WeixinAPI/Weixin.php (40).
[ 2016-03-11T10:37:59+08:00 ]NOTICE: include(): Failed opening './WeixinEvent.php' for inclusion (include_path='.:/usr/share/pear:/usr/share/php')/www/wx/WeixinAPI/Weixin.php (40).
[ 2016-03-11T10:38:30+08:00 ]NOTICE: include(./WeixinEvent.php): failed to open stream: No such file or directory/www/wx/WeixinAPI/Weixin.php (40).
[ 2016-03-11T10:38:30+08:00 ]NOTICE: include(): Failed opening './WeixinEvent.php' for inclusion (include_path='.:/usr/share/pear:/usr/share/php')/www/wx/WeixinAPI/Weixin.php (40).
[ 2016-03-11T10:39:00+08:00 ]NOTICE: Undefined index: HTTP_RAW_POST_DATA/www/wx/WeixinAPI/Weixin.php (31).
[ 2016-03-11T10:39:00+08:00 ]NOTICE: Trying to get property of non-object/www/wx/WeixinAPI/WeixinEvent.php (15).
