[ 2015-12-25T09:03:53+08:00 ]EXCEPTION: 模板不存在:App/Admin/View/Cate/edit.php
[ 2015-12-25T10:18:55+08:00 ]NOTICE: Invalid argument supplied for foreach()/www/c58_teacher/blog/blog/Storage/view/compile/a547f450e1e99272e83d8687bf1c3a96.php (30).
[ 2015-12-25T10:19:00+08:00 ]NOTICE: Invalid argument supplied for foreach()/www/c58_teacher/blog/blog/Storage/view/compile/a547f450e1e99272e83d8687bf1c3a96.php (30).
[ 2015-12-25T10:19:25+08:00 ]NOTICE: Invalid argument supplied for foreach()/www/c58_teacher/blog/blog/Storage/view/compile/a547f450e1e99272e83d8687bf1c3a96.php (30).
[ 2015-12-25T10:19:30+08:00 ]NOTICE: Invalid argument supplied for foreach()/www/c58_teacher/blog/blog/Storage/view/compile/a547f450e1e99272e83d8687bf1c3a96.php (30).
[ 2015-12-25T10:19:34+08:00 ]NOTICE: Invalid argument supplied for foreach()/www/c58_teacher/blog/blog/Storage/view/compile/a547f450e1e99272e83d8687bf1c3a96.php (30).
[ 2015-12-25T10:20:46+08:00 ]NOTICE: Invalid argument supplied for foreach()/www/c58_teacher/blog/blog/Storage/view/compile/a547f450e1e99272e83d8687bf1c3a96.php (30).
[ 2015-12-25T10:20:54+08:00 ]NOTICE: Invalid argument supplied for foreach()/www/c58_teacher/blog/blog/Storage/view/compile/a547f450e1e99272e83d8687bf1c3a96.php (30).
[ 2015-12-25T10:21:45+08:00 ]NOTICE: Invalid argument supplied for foreach()/www/c58_teacher/blog/blog/Storage/view/compile/a547f450e1e99272e83d8687bf1c3a96.php (30).
[ 2015-12-25T10:26:50+08:00 ]NOTICE: Invalid argument supplied for foreach()/www/c58_teacher/blog/blog/Storage/view/compile/a547f450e1e99272e83d8687bf1c3a96.php (30).
[ 2015-12-25T10:29:55+08:00 ]NOTICE: Invalid argument supplied for foreach()/www/c58_teacher/blog/blog/Storage/view/compile/a547f450e1e99272e83d8687bf1c3a96.php (30).
[ 2015-12-25T10:33:12+08:00 ]NOTICE: Invalid argument supplied for foreach()/www/c58_teacher/blog/blog/Storage/view/compile/a547f450e1e99272e83d8687bf1c3a96.php (30).
[ 2015-12-25T10:35:34+08:00 ]NOTICE: Undefined index: _name/www/c58_teacher/blog/blog/Storage/view/compile/a547f450e1e99272e83d8687bf1c3a96.php (33).
[ 2015-12-25T10:35:34+08:00 ]NOTICE: Undefined index: _name/www/c58_teacher/blog/blog/Storage/view/compile/a547f450e1e99272e83d8687bf1c3a96.php (33).
[ 2015-12-25T10:35:34+08:00 ]NOTICE: Undefined index: _name/www/c58_teacher/blog/blog/Storage/view/compile/a547f450e1e99272e83d8687bf1c3a96.php (33).
[ 2015-12-25T11:17:08+08:00 ]EXCEPTION: 模板不存在:App/Admin/View/Tag/add.php
[ 2015-12-25T11:17:10+08:00 ]EXCEPTION: 模板不存在:App/Admin/View/Tag/add.php
[ 2015-12-25T11:24:06+08:00 ]EXCEPTION: 模板不存在:App/Admin/View/Tag/index.php
[ 2015-12-25T11:24:47+08:00 ]EXCEPTION: 模板不存在:App/Admin/View/Tag/index.php
[ 2015-12-25T11:26:00+08:00 ]EXCEPTION: 模板不存在:App/Admin/View/Tag/index.php
[ 2015-12-25T11:28:28+08:00 ]EXCEPTION: 模板不存在:App/Admin/View/Tag/index.php
[ 2015-12-25T11:40:34+08:00 ]EXCEPTION: Method Admin\Controller\IndexController::add() does not exist
[ 2015-12-25T11:41:09+08:00 ]EXCEPTION: 模板不存在:App/Admin/View/Tag/index.php
[ 2015-12-25T11:42:47+08:00 ]EXCEPTION: 模板不存在:App/Admin/View/Tag/index.php
[ 2015-12-25T12:07:34+08:00 ]EXCEPTION: 模板不存在:App/Admin/View/Tag/index.php
[ 2015-12-25T12:10:25+08:00 ]EXCEPTION: 模板不存在:App/Admin/View/Arc/add.php
