[ 2015-12-29T08:36:41+08:00 ]NOTICE: Undefined variable: cateData/www/c58_teacher/blog/blog/Storage/view/compile/2b059842649e4d4969b063e856fa33e1.php (33).
[ 2015-12-29T08:36:41+08:00 ]NOTICE: Invalid argument supplied for foreach()/www/c58_teacher/blog/blog/Storage/view/compile/2b059842649e4d4969b063e856fa33e1.php (33).
[ 2015-12-29T08:36:41+08:00 ]NOTICE: Undefined variable: tagData/www/c58_teacher/blog/blog/Storage/view/compile/2b059842649e4d4969b063e856fa33e1.php (45).
[ 2015-12-29T08:36:41+08:00 ]NOTICE: Invalid argument supplied for foreach()/www/c58_teacher/blog/blog/Storage/view/compile/2b059842649e4d4969b063e856fa33e1.php (45).
[ 2015-12-29T09:03:48+08:00 ]NOTICE: Undefined index: keywords/www/c58_teacher/blog/blog/Storage/view/compile/2b059842649e4d4969b063e856fa33e1.php (81).
[ 2015-12-29T09:03:48+08:00 ]NOTICE: Undefined index: des/www/c58_teacher/blog/blog/Storage/view/compile/2b059842649e4d4969b063e856fa33e1.php (85).
[ 2015-12-29T09:03:48+08:00 ]NOTICE: Undefined index: content/www/c58_teacher/blog/blog/Storage/view/compile/2b059842649e4d4969b063e856fa33e1.php (90).
[ 2015-12-29T09:30:32+08:00 ]NOTICE: Undefined index: thumb/www/c58_teacher/blog/blog/App/Common/Model/Arc.php (25).
[ 2015-12-29T09:30:56+08:00 ]NOTICE: Undefined index: thumb/www/c58_teacher/blog/blog/App/Common/Model/Arc.php (26).
[ 2015-12-29T09:54:01+08:00 ]NOTICE: in_array() expects parameter 2 to be array, null given/www/c58_teacher/blog/blog/Storage/view/compile/2b059842649e4d4969b063e856fa33e1.php (66).
[ 2015-12-29T09:54:01+08:00 ]NOTICE: in_array() expects parameter 2 to be array, null given/www/c58_teacher/blog/blog/Storage/view/compile/2b059842649e4d4969b063e856fa33e1.php (66).
[ 2015-12-29T09:54:01+08:00 ]NOTICE: in_array() expects parameter 2 to be array, null given/www/c58_teacher/blog/blog/Storage/view/compile/2b059842649e4d4969b063e856fa33e1.php (66).
[ 2015-12-29T09:54:01+08:00 ]NOTICE: in_array() expects parameter 2 to be array, null given/www/c58_teacher/blog/blog/Storage/view/compile/2b059842649e4d4969b063e856fa33e1.php (66).
[ 2015-12-29T09:54:44+08:00 ]NOTICE: in_array() expects parameter 2 to be array, null given/www/c58_teacher/blog/blog/Storage/view/compile/2b059842649e4d4969b063e856fa33e1.php (66).
[ 2015-12-29T09:54:44+08:00 ]NOTICE: in_array() expects parameter 2 to be array, null given/www/c58_teacher/blog/blog/Storage/view/compile/2b059842649e4d4969b063e856fa33e1.php (66).
[ 2015-12-29T09:54:44+08:00 ]NOTICE: in_array() expects parameter 2 to be array, null given/www/c58_teacher/blog/blog/Storage/view/compile/2b059842649e4d4969b063e856fa33e1.php (66).
[ 2015-12-29T09:54:44+08:00 ]NOTICE: in_array() expects parameter 2 to be array, null given/www/c58_teacher/blog/blog/Storage/view/compile/2b059842649e4d4969b063e856fa33e1.php (66).
[ 2015-12-29T10:33:03+08:00 ]EXCEPTION: UPDATE webset SET `value`=?  WHERE name=webname ;BindParams:array (
  'value' => '后盾blog教学123',
)42S22;1054;Unknown column 'webname' in 'where clause'
